Using pre-set license
Built from '2020.3/staging' branch; Version is '2020.3.11f1 (99c7afb366b3) revision 10078127'; Using compiler version '192528614'; Build Type 'Release'
OS: 'Windows 10 Home; OS build 19043.1052; Version 2009; 64bit' Language: 'en' Physical Memory: 32635 MB
BatchMode: 1, IsHumanControllingUs: 0, StartBugReporterOnCrash: 0, Is64bit: 1, IsPro: 0

 COMMAND LINE ARGUMENTS:
D:\programs\unity\2020.3.11f1\Editor\Unity.exe
-adb2
-batchMode
-noUpm
-name
AssetImportWorker0
-projectPath
D:/projects/unityProjects/3D projects/ProjectBoost
-logFile
Logs/AssetImportWorker0.log
-srvPort
53029
Successfully changed project path to: D:/projects/unityProjects/3D projects/ProjectBoost
D:/projects/unityProjects/3D projects/ProjectBoost
Using Asset Import Pipeline V2.
Refreshing native plugins compatible for Editor in 22.38 ms, found 2 plugins.
Preloading 0 native plugins for Editor in 0.00 ms.
Initialize engine version: 2020.3.11f1 (99c7afb366b3)
[Subsystems] Discovering subsystems at path D:/programs/unity/2020.3.11f1/Editor/Data/Resources/UnitySubsystems
[Subsystems] Discovering subsystems at path D:/projects/unityProjects/3D projects/ProjectBoost/Assets
GfxDevice: creating device client; threaded=0
Direct3D:
    Version:  Direct3D 11.0 [level 11.1]
    Renderer: NVIDIA GeForce GTX 1650 Ti (ID=0x1f95)
    Vendor:   
    VRAM:     3962 MB
    Driver:   27.21.14.6611
Initialize mono
Mono path[0] = 'D:/programs/unity/2020.3.11f1/Editor/Data/Managed'
Mono path[1] = 'D:/programs/unity/2020.3.11f1/Editor/Data/MonoBleedingEdge/lib/mono/unityjit'
Mono config path = 'D:/programs/unity/2020.3.11f1/Editor/Data/MonoBleedingEdge/etc'
Using monoOptions --debugger-agent=transport=dt_socket,embedding=1,server=y,suspend=n,address=127.0.0.1:56500
Begin MonoManager ReloadAssembly
Registering precompiled unity dll's ...
Register platform support module: D:/programs/unity/2020.3.11f1/Editor/Data/PlaybackEngines/WebGLSupport/UnityEditor.WebGL.Extensions.dll
Register platform support module: D:/programs/unity/2020.3.11f1/Editor/Data/PlaybackEngines/WindowsStandaloneSupport/UnityEditor.WindowsStandalone.Extensions.dll
Register platform support module: D:/programs/unity/2020.3.11f1/Editor/Data/PlaybackEngines/LuminSupport/UnityEditor.Lumin.Extensions.dll
Registered in 0.001116 seconds.
Native extension for Lumin target not found
Native extension for WindowsStandalone target not found
Native extension for WebGL target not found
Refreshing native plugins compatible for Editor in 22.96 ms, found 2 plugins.
Preloading 0 native plugins for Editor in 0.00 ms.
Mono: successfully reloaded assembly
- Completed reload, in  1.194 seconds
Platform modules already initialized, skipping
Registering precompiled user dll's ...
Registered in 0.001916 seconds.
Begin MonoManager ReloadAssembly
Native extension for Lumin target not found
Native extension for WindowsStandalone target not found
Native extension for WebGL target not found
Refreshing native plugins compatible for Editor in 0.27 ms, found 2 plugins.
Preloading 0 native plugins for Editor in 0.00 ms.
Mono: successfully reloaded assembly
- Completed reload, in  0.814 seconds
Platform modules already initialized, skipping
========================================================================
Worker process is ready to serve import requests
Launched and connected shader compiler UnityShaderCompiler.exe after 0.04 seconds
Refreshing native plugins compatible for Editor in 0.32 ms, found 2 plugins.
Preloading 0 native plugins for Editor in 0.00 ms.
Unloading 1390 Unused Serialized files (Serialized files now loaded: 0)
System memory in use before: 64.9 MB.
System memory in use after: 64.9 MB.

Unloading 19 unused Assets to reduce memory usage. Loaded Objects now: 1823.
Total: 1.565000 ms (FindLiveObjects: 0.152700 ms CreateObjectMapping: 0.039400 ms MarkObjects: 1.309300 ms  DeleteObjects: 0.062800 ms)

========================================================================
Received Import Request.
  path: Assets/Prefabs/Rocket.prefab
  artifactKey: Guid(af425625ac81e31408ee021d8639caa7) Importer(815301076,1909f56bfc062723c751e8b465ee728b)
Start importing Assets/Prefabs/Rocket.prefab using Guid(af425625ac81e31408ee021d8639caa7) Importer(815301076,1909f56bfc062723c751e8b465ee728b)  -> (artifact id: 'fa039ea4b12543413d73921d66b7dcc3') in 0.104520 seconds
  Import took 0.107372 seconds .

========================================================================
Received Import Request.
  Time since last request: 75.146197 seconds.
  path: Assets/Prefabs/Launch Pad .prefab
  artifactKey: Guid(906f7a839e8b50347a2bbb9f07980d6e) Importer(815301076,1909f56bfc062723c751e8b465ee728b)
Start importing Assets/Prefabs/Launch Pad .prefab using Guid(906f7a839e8b50347a2bbb9f07980d6e) Importer(815301076,1909f56bfc062723c751e8b465ee728b)  -> (artifact id: 'fd23b2d5f91a8057874a681cce05d0f2') in 0.018464 seconds
  Import took 0.021589 seconds .

========================================================================
Received Prepare
Registering precompiled user dll's ...
Registered in 0.001838 seconds.
Begin MonoManager ReloadAssembly
Native extension for Lumin target not found
Native extension for WindowsStandalone target not found
Native extension for WebGL target not found
Refreshing native plugins compatible for Editor in 0.36 ms, found 2 plugins.
Preloading 0 native plugins for Editor in 0.00 ms.
Mono: successfully reloaded assembly
- Completed reload, in  0.773 seconds
Platform modules already initialized, skipping
Refreshing native plugins compatible for Editor in 0.30 ms, found 2 plugins.
Preloading 0 native plugins for Editor in 0.00 ms.
Unloading 1385 Unused Serialized files (Serialized files now loaded: 0)
System memory in use before: 67.9 MB.
System memory in use after: 68.0 MB.

Unloading 14 unused Assets to reduce memory usage. Loaded Objects now: 1835.
Total: 1.727200 ms (FindLiveObjects: 0.161400 ms CreateObjectMapping: 0.053900 ms MarkObjects: 1.466500 ms  DeleteObjects: 0.044500 ms)

========================================================================
Received Import Request.
  Time since last request: 382.432127 seconds.
  path: Assets/Scenes/SandBox.unity
  artifactKey: Guid(9fc0d4010bbf28b4594072e72b8655ab) Importer(815301076,1909f56bfc062723c751e8b465ee728b)
Start importing Assets/Scenes/SandBox.unity using Guid(9fc0d4010bbf28b4594072e72b8655ab) Importer(815301076,1909f56bfc062723c751e8b465ee728b)  -> (artifact id: '309a75bcf59958c7217c1cbcbe804eae') in 0.014346 seconds
  Import took 0.016906 seconds .

========================================================================
Received Import Request.
  Time since last request: 0.000590 seconds.
  path: Assets/Scenes/SandBox.unity
  artifactKey: Guid(9fc0d4010bbf28b4594072e72b8655ab) Importer(815301076,1909f56bfc062723c751e8b465ee728b)
Start importing Assets/Scenes/SandBox.unity using Guid(9fc0d4010bbf28b4594072e72b8655ab) Importer(815301076,1909f56bfc062723c751e8b465ee728b)  -> (artifact id: '309a75bcf59958c7217c1cbcbe804eae') in 0.001936 seconds
  Import took 0.004299 seconds .

========================================================================
Received Import Request.
  Time since last request: 1.463233 seconds.
  path: Assets/Scenes/Over.unity
  artifactKey: Guid(9c5da1c82e2955e4ebd1c5ea0a4d7797) Importer(815301076,1909f56bfc062723c751e8b465ee728b)
Start importing Assets/Scenes/Over.unity using Guid(9c5da1c82e2955e4ebd1c5ea0a4d7797) Importer(815301076,1909f56bfc062723c751e8b465ee728b)  -> (artifact id: '11a344f7cdda993708d56ddf2f715a54') in 0.024127 seconds
  Import took 0.026440 seconds .

========================================================================
Received Import Request.
  Time since last request: 5.282043 seconds.
  path: Assets/Scenes/SandBox.unity
  artifactKey: Guid(9fc0d4010bbf28b4594072e72b8655ab) Importer(815301076,1909f56bfc062723c751e8b465ee728b)
Start importing Assets/Scenes/SandBox.unity using Guid(9fc0d4010bbf28b4594072e72b8655ab) Importer(815301076,1909f56bfc062723c751e8b465ee728b)  -> (artifact id: 'fad5e4bc1eb13ce288c7ca882b2099be') in 0.001999 seconds
  Import took 0.004494 seconds .

========================================================================
Received Import Request.
  Time since last request: 2.929716 seconds.
  path: Assets/Scenes/SandBox 1.unity
  artifactKey: Guid(0c847c6337111bf429730cccc19ddaae) Importer(815301076,1909f56bfc062723c751e8b465ee728b)
Start importing Assets/Scenes/SandBox 1.unity using Guid(0c847c6337111bf429730cccc19ddaae) Importer(815301076,1909f56bfc062723c751e8b465ee728b)  -> (artifact id: '65e9aa1670cebf11a8bbb2ac837e7cfe') in 0.005917 seconds
  Import took 0.008005 seconds .

========================================================================
Received Import Request.
  Time since last request: 7.940785 seconds.
  path: Assets/Scenes/Template.unity
  artifactKey: Guid(0c847c6337111bf429730cccc19ddaae) Importer(815301076,1909f56bfc062723c751e8b465ee728b)
Start importing Assets/Scenes/Template.unity using Guid(0c847c6337111bf429730cccc19ddaae) Importer(815301076,1909f56bfc062723c751e8b465ee728b)  -> (artifact id: 'd3c90cfc1e930fecbc6512613b8f7741') in 0.006870 seconds
  Import took 0.009685 seconds .

========================================================================
Received Import Request.
  Time since last request: 136.374396 seconds.
  path: Assets/Scenes/Template 1.unity
  artifactKey: Guid(99499e4d12e14f6429caf5942df2008b) Importer(815301076,1909f56bfc062723c751e8b465ee728b)
Start importing Assets/Scenes/Template 1.unity using Guid(99499e4d12e14f6429caf5942df2008b) Importer(815301076,1909f56bfc062723c751e8b465ee728b)  -> (artifact id: '85beee107153671860f95cde0a2ebd03') in 0.006169 seconds
  Import took 0.009060 seconds .

========================================================================
Received Import Request.
  Time since last request: 13.946124 seconds.
  path: Assets/Scenes/Level.unity
  artifactKey: Guid(99499e4d12e14f6429caf5942df2008b) Importer(815301076,1909f56bfc062723c751e8b465ee728b)
Start importing Assets/Scenes/Level.unity using Guid(99499e4d12e14f6429caf5942df2008b) Importer(815301076,1909f56bfc062723c751e8b465ee728b)  -> (artifact id: '1cd37e138245c428d278caf7132d2551') in 0.006766 seconds
  Import took 0.020884 seconds .

========================================================================
Received Prepare
Registering precompiled user dll's ...
Registered in 0.001902 seconds.
Begin MonoManager ReloadAssembly
Native extension for Lumin target not found
Native extension for WindowsStandalone target not found
Native extension for WebGL target not found
Refreshing native plugins compatible for Editor in 0.27 ms, found 2 plugins.
Preloading 0 native plugins for Editor in 0.00 ms.
Mono: successfully reloaded assembly
- Completed reload, in  0.772 seconds
Platform modules already initialized, skipping
Refreshing native plugins compatible for Editor in 0.31 ms, found 2 plugins.
Preloading 0 native plugins for Editor in 0.00 ms.
Unloading 1385 Unused Serialized files (Serialized files now loaded: 0)
System memory in use before: 68.0 MB.
System memory in use after: 68.1 MB.

Unloading 14 unused Assets to reduce memory usage. Loaded Objects now: 1838.
Total: 1.633100 ms (FindLiveObjects: 0.149000 ms CreateObjectMapping: 0.044000 ms MarkObjects: 1.395500 ms  DeleteObjects: 0.043800 ms)

========================================================================
Received Import Request.
  Time since last request: 1129.964063 seconds.
  path: Assets/Scenes/Level.unity
  artifactKey: Guid(99499e4d12e14f6429caf5942df2008b) Importer(815301076,1909f56bfc062723c751e8b465ee728b)
Start importing Assets/Scenes/Level.unity using Guid(99499e4d12e14f6429caf5942df2008b) Importer(815301076,1909f56bfc062723c751e8b465ee728b)  -> (artifact id: '28d50ed0a1734f324b48020a85e5b01e') in 0.009915 seconds
  Import took 0.012258 seconds .

========================================================================
Received Import Request.
  Time since last request: 0.000275 seconds.
  path: Assets/Scenes/Level.unity
  artifactKey: Guid(99499e4d12e14f6429caf5942df2008b) Importer(815301076,1909f56bfc062723c751e8b465ee728b)
Start importing Assets/Scenes/Level.unity using Guid(99499e4d12e14f6429caf5942df2008b) Importer(815301076,1909f56bfc062723c751e8b465ee728b)  -> (artifact id: '28d50ed0a1734f324b48020a85e5b01e') in 0.002448 seconds
  Import took 0.005413 seconds .

========================================================================
Received Import Request.
  Time since last request: 11.214077 seconds.
  path: Assets/Scenes/Level 1.unity
  artifactKey: Guid(99499e4d12e14f6429caf5942df2008b) Importer(815301076,1909f56bfc062723c751e8b465ee728b)
Start importing Assets/Scenes/Level 1.unity using Guid(99499e4d12e14f6429caf5942df2008b) Importer(815301076,1909f56bfc062723c751e8b465ee728b)  -> (artifact id: 'dd6213f50e2d8ef9b09696ea934d58e0') in 0.007983 seconds
  Import took 0.010606 seconds .

========================================================================
Received Prepare
Registering precompiled user dll's ...
Registered in 0.001700 seconds.
Begin MonoManager ReloadAssembly
Native extension for Lumin target not found
Native extension for WindowsStandalone target not found
Native extension for WebGL target not found
Refreshing native plugins compatible for Editor in 0.28 ms, found 2 plugins.
Preloading 0 native plugins for Editor in 0.00 ms.
Mono: successfully reloaded assembly
- Completed reload, in  0.777 seconds
Platform modules already initialized, skipping
Refreshing native plugins compatible for Editor in 0.28 ms, found 2 plugins.
Preloading 0 native plugins for Editor in 0.00 ms.
Unloading 1385 Unused Serialized files (Serialized files now loaded: 0)
System memory in use before: 68.0 MB.
System memory in use after: 68.1 MB.

Unloading 14 unused Assets to reduce memory usage. Loaded Objects now: 1841.
Total: 1.757800 ms (FindLiveObjects: 0.143800 ms CreateObjectMapping: 0.044400 ms MarkObjects: 1.524700 ms  DeleteObjects: 0.044300 ms)

========================================================================
Received Import Request.
  Time since last request: 153.909810 seconds.
  path: Assets/Scenes/Level 1.unity
  artifactKey: Guid(99499e4d12e14f6429caf5942df2008b) Importer(815301076,1909f56bfc062723c751e8b465ee728b)
Start importing Assets/Scenes/Level 1.unity using Guid(99499e4d12e14f6429caf5942df2008b) Importer(815301076,1909f56bfc062723c751e8b465ee728b)  -> (artifact id: 'be3df9860a2cbc7ee5ce01838ed942c7') in 0.011087 seconds
  Import took 0.013256 seconds .

========================================================================
Received Import Request.
  Time since last request: 2.398366 seconds.
  path: Assets/Scenes/Level 2.unity
  artifactKey: Guid(5aecfa6b65d694944be5cebd9f0cf56f) Importer(815301076,1909f56bfc062723c751e8b465ee728b)
Start importing Assets/Scenes/Level 2.unity using Guid(5aecfa6b65d694944be5cebd9f0cf56f) Importer(815301076,1909f56bfc062723c751e8b465ee728b)  -> (artifact id: 'beec2a7fb35efe5190ebd83a46e8d0f4') in 0.007415 seconds
  Import took 0.009535 seconds .

========================================================================
Received Prepare
Registering precompiled user dll's ...
Registered in 0.001958 seconds.
Begin MonoManager ReloadAssembly
Native extension for Lumin target not found
Native extension for WindowsStandalone target not found
Native extension for WebGL target not found
Refreshing native plugins compatible for Editor in 0.29 ms, found 2 plugins.
Preloading 0 native plugins for Editor in 0.00 ms.
Mono: successfully reloaded assembly
- Completed reload, in  0.889 seconds
Platform modules already initialized, skipping
Refreshing native plugins compatible for Editor in 0.28 ms, found 2 plugins.
Preloading 0 native plugins for Editor in 0.00 ms.
Unloading 1385 Unused Serialized files (Serialized files now loaded: 0)
System memory in use before: 68.1 MB.
System memory in use after: 68.1 MB.

Unloading 14 unused Assets to reduce memory usage. Loaded Objects now: 1844.
Total: 2.016400 ms (FindLiveObjects: 0.152500 ms CreateObjectMapping: 0.044400 ms MarkObjects: 1.758000 ms  DeleteObjects: 0.060500 ms)

========================================================================
Received Prepare
Registering precompiled user dll's ...
Registered in 0.001825 seconds.
Begin MonoManager ReloadAssembly
Native extension for Lumin target not found
Native extension for WindowsStandalone target not found
Native extension for WebGL target not found
Refreshing native plugins compatible for Editor in 0.57 ms, found 2 plugins.
Preloading 0 native plugins for Editor in 0.00 ms.
Mono: successfully reloaded assembly
- Completed reload, in  0.821 seconds
Platform modules already initialized, skipping
Refreshing native plugins compatible for Editor in 0.29 ms, found 2 plugins.
Preloading 0 native plugins for Editor in 0.00 ms.
Unloading 1385 Unused Serialized files (Serialized files now loaded: 0)
System memory in use before: 68.1 MB.
System memory in use after: 68.1 MB.

Unloading 14 unused Assets to reduce memory usage. Loaded Objects now: 1847.
Total: 2.210400 ms (FindLiveObjects: 0.189600 ms CreateObjectMapping: 0.051400 ms MarkObjects: 1.913400 ms  DeleteObjects: 0.055100 ms)

========================================================================
Received Prepare
Registering precompiled user dll's ...
Registered in 0.002323 seconds.
Begin MonoManager ReloadAssembly
Native extension for Lumin target not found
Native extension for WindowsStandalone target not found
Native extension for WebGL target not found
Refreshing native plugins compatible for Editor in 0.40 ms, found 2 plugins.
Preloading 0 native plugins for Editor in 0.00 ms.
Mono: successfully reloaded assembly
- Completed reload, in  0.759 seconds
Platform modules already initialized, skipping
Refreshing native plugins compatible for Editor in 0.29 ms, found 2 plugins.
Preloading 0 native plugins for Editor in 0.00 ms.
Unloading 1385 Unused Serialized files (Serialized files now loaded: 0)
System memory in use before: 68.1 MB.
System memory in use after: 68.1 MB.

Unloading 14 unused Assets to reduce memory usage. Loaded Objects now: 1850.
Total: 1.512500 ms (FindLiveObjects: 0.129700 ms CreateObjectMapping: 0.040900 ms MarkObjects: 1.298300 ms  DeleteObjects: 0.042700 ms)

========================================================================
Received Import Request.
  Time since last request: 327.536052 seconds.
  path: Assets/Materials/SkyBox.mat
  artifactKey: Guid(ad2ba74e9761cb243888b831ccd2f99a) Importer(815301076,1909f56bfc062723c751e8b465ee728b)
Start importing Assets/Materials/SkyBox.mat using Guid(ad2ba74e9761cb243888b831ccd2f99a) Importer(815301076,1909f56bfc062723c751e8b465ee728b)  -> (artifact id: '96e9ef1d735eef17c2a45055403c60a9') in 0.231000 seconds
  Import took 0.233769 seconds .

========================================================================
Received Import Request.
  Time since last request: 0.000610 seconds.
  path: Assets/Materials/SkyBox.mat
  artifactKey: Guid(ad2ba74e9761cb243888b831ccd2f99a) Importer(815301076,1909f56bfc062723c751e8b465ee728b)
Start importing Assets/Materials/SkyBox.mat using Guid(ad2ba74e9761cb243888b831ccd2f99a) Importer(815301076,1909f56bfc062723c751e8b465ee728b)  -> (artifact id: '96e9ef1d735eef17c2a45055403c60a9') in 0.033017 seconds
  Import took 0.035846 seconds .

========================================================================
Received Import Request.
  Time since last request: 46.118142 seconds.
  path: Assets/Scenes/Level 2.unity
  artifactKey: Guid(5aecfa6b65d694944be5cebd9f0cf56f) Importer(815301076,1909f56bfc062723c751e8b465ee728b)
Start importing Assets/Scenes/Level 2.unity using Guid(5aecfa6b65d694944be5cebd9f0cf56f) Importer(815301076,1909f56bfc062723c751e8b465ee728b)  -> (artifact id: '2abf2c8da186f38acb0cf8907f0fcffa') in 0.002389 seconds
  Import took 0.005258 seconds .

========================================================================
Received Import Request.
  Time since last request: 0.000631 seconds.
  path: Assets/Scenes/Level 2.unity
  artifactKey: Guid(5aecfa6b65d694944be5cebd9f0cf56f) Importer(815301076,1909f56bfc062723c751e8b465ee728b)
Start importing Assets/Scenes/Level 2.unity using Guid(5aecfa6b65d694944be5cebd9f0cf56f) Importer(815301076,1909f56bfc062723c751e8b465ee728b)  -> (artifact id: '2abf2c8da186f38acb0cf8907f0fcffa') in 0.001904 seconds
  Import took 0.005025 seconds .

========================================================================
Received Prepare
Registering precompiled user dll's ...
Registered in 0.001854 seconds.
Begin MonoManager ReloadAssembly
Native extension for Lumin target not found
Native extension for WindowsStandalone target not found
Native extension for WebGL target not found
Refreshing native plugins compatible for Editor in 0.28 ms, found 2 plugins.
Preloading 0 native plugins for Editor in 0.00 ms.
Mono: successfully reloaded assembly
- Completed reload, in  0.774 seconds
Platform modules already initialized, skipping
Refreshing native plugins compatible for Editor in 0.27 ms, found 2 plugins.
Preloading 0 native plugins for Editor in 0.00 ms.
Unloading 1385 Unused Serialized files (Serialized files now loaded: 0)
System memory in use before: 68.2 MB.
System memory in use after: 68.3 MB.

Unloading 14 unused Assets to reduce memory usage. Loaded Objects now: 1887.
Total: 1.576800 ms (FindLiveObjects: 0.138300 ms CreateObjectMapping: 0.042100 ms MarkObjects: 1.355600 ms  DeleteObjects: 0.040200 ms)

========================================================================
Received Prepare
Registering precompiled user dll's ...
Registered in 0.002350 seconds.
Begin MonoManager ReloadAssembly
Native extension for Lumin target not found
Native extension for WindowsStandalone target not found
Native extension for WebGL target not found
Refreshing native plugins compatible for Editor in 0.26 ms, found 2 plugins.
Preloading 0 native plugins for Editor in 0.00 ms.
Mono: successfully reloaded assembly
- Completed reload, in  0.970 seconds
Platform modules already initialized, skipping
Refreshing native plugins compatible for Editor in 0.33 ms, found 2 plugins.
Preloading 0 native plugins for Editor in 0.00 ms.
Unloading 1385 Unused Serialized files (Serialized files now loaded: 0)
System memory in use before: 68.2 MB.
System memory in use after: 68.3 MB.

Unloading 14 unused Assets to reduce memory usage. Loaded Objects now: 1890.
Total: 2.097400 ms (FindLiveObjects: 0.156400 ms CreateObjectMapping: 0.048500 ms MarkObjects: 1.842600 ms  DeleteObjects: 0.049000 ms)

========================================================================
Received Prepare
Registering precompiled user dll's ...
Registered in 0.002222 seconds.
Begin MonoManager ReloadAssembly
Native extension for Lumin target not found
Native extension for WindowsStandalone target not found
Native extension for WebGL target not found
Refreshing native plugins compatible for Editor in 0.27 ms, found 2 plugins.
Preloading 0 native plugins for Editor in 0.00 ms.
Mono: successfully reloaded assembly
- Completed reload, in  0.789 seconds
Platform modules already initialized, skipping
Refreshing native plugins compatible for Editor in 0.30 ms, found 2 plugins.
Preloading 0 native plugins for Editor in 0.00 ms.
Unloading 1385 Unused Serialized files (Serialized files now loaded: 0)
System memory in use before: 68.2 MB.
System memory in use after: 68.3 MB.

Unloading 14 unused Assets to reduce memory usage. Loaded Objects now: 1893.
Total: 1.836200 ms (FindLiveObjects: 0.143400 ms CreateObjectMapping: 0.043600 ms MarkObjects: 1.603900 ms  DeleteObjects: 0.044300 ms)

========================================================================
Received Import Request.
  Time since last request: 608.777155 seconds.
  path: Assets/Scenes/SandBox.unity
  artifactKey: Guid(9fc0d4010bbf28b4594072e72b8655ab) Importer(815301076,1909f56bfc062723c751e8b465ee728b)
Start importing Assets/Scenes/SandBox.unity using Guid(9fc0d4010bbf28b4594072e72b8655ab) Importer(815301076,1909f56bfc062723c751e8b465ee728b)  -> (artifact id: '1c1d65e77b9e44966aeb56371c3a024b') in 0.012649 seconds
  Import took 0.015230 seconds .

========================================================================
Received Import Request.
  Time since last request: 0.002370 seconds.
  path: Assets/Scenes/SandBox.unity
  artifactKey: Guid(9fc0d4010bbf28b4594072e72b8655ab) Importer(815301076,1909f56bfc062723c751e8b465ee728b)
Start importing Assets/Scenes/SandBox.unity using Guid(9fc0d4010bbf28b4594072e72b8655ab) Importer(815301076,1909f56bfc062723c751e8b465ee728b)  -> (artifact id: '1c1d65e77b9e44966aeb56371c3a024b') in 0.002296 seconds
  Import took 0.005207 seconds .

========================================================================
Received Prepare
Registering precompiled user dll's ...
Registered in 0.001924 seconds.
Begin MonoManager ReloadAssembly
Native extension for Lumin target not found
Native extension for WindowsStandalone target not found
Native extension for WebGL target not found
Refreshing native plugins compatible for Editor in 0.27 ms, found 2 plugins.
Preloading 0 native plugins for Editor in 0.00 ms.
Mono: successfully reloaded assembly
- Completed reload, in  0.787 seconds
Platform modules already initialized, skipping
Refreshing native plugins compatible for Editor in 0.30 ms, found 2 plugins.
Preloading 0 native plugins for Editor in 0.00 ms.
Unloading 1385 Unused Serialized files (Serialized files now loaded: 0)
System memory in use before: 68.3 MB.
System memory in use after: 68.3 MB.

Unloading 14 unused Assets to reduce memory usage. Loaded Objects now: 1896.
Total: 1.505700 ms (FindLiveObjects: 0.130600 ms CreateObjectMapping: 0.039500 ms MarkObjects: 1.294800 ms  DeleteObjects: 0.040100 ms)

========================================================================
Received Import Request.
  Time since last request: 681.204015 seconds.
  path: Assets/Materials/Window Material.mat
  artifactKey: Guid(99f6686f05de3ec46835316d29a9e82a) Importer(815301076,1909f56bfc062723c751e8b465ee728b)
Start importing Assets/Materials/Window Material.mat using Guid(99f6686f05de3ec46835316d29a9e82a) Importer(815301076,1909f56bfc062723c751e8b465ee728b)  -> (artifact id: 'a2f6cf04f95a1a68cf748e6abf8e2292') in 0.056077 seconds
  Import took 0.058836 seconds .

========================================================================
Received Import Request.
  Time since last request: 98.067672 seconds.
  path: Assets/Materials/Launch Material.mat
  artifactKey: Guid(9a504a694f8a10f4e8bcb4771bd6d287) Importer(815301076,1909f56bfc062723c751e8b465ee728b)
Start importing Assets/Materials/Launch Material.mat using Guid(9a504a694f8a10f4e8bcb4771bd6d287) Importer(815301076,1909f56bfc062723c751e8b465ee728b)  -> (artifact id: '11503342385a2857842dcd92ca266a70') in 0.015628 seconds
  Import took 0.017898 seconds .

========================================================================
Received Import Request.
  Time since last request: 0.000136 seconds.
  path: Assets/Materials/Window Material.mat
  artifactKey: Guid(99f6686f05de3ec46835316d29a9e82a) Importer(815301076,1909f56bfc062723c751e8b465ee728b)
Start importing Assets/Materials/Window Material.mat using Guid(99f6686f05de3ec46835316d29a9e82a) Importer(815301076,1909f56bfc062723c751e8b465ee728b)  -> (artifact id: 'a346bd33338bdbc7e2009ed657fd75c7') in 0.012656 seconds
  Import took 0.014820 seconds .

========================================================================
Received Import Request.
  Time since last request: 0.000181 seconds.
  path: Assets/Materials/Obstacle.mat
  artifactKey: Guid(56def1ec88002b24d8c694daf712015f) Importer(815301076,1909f56bfc062723c751e8b465ee728b)
Start importing Assets/Materials/Obstacle.mat using Guid(56def1ec88002b24d8c694daf712015f) Importer(815301076,1909f56bfc062723c751e8b465ee728b)  -> (artifact id: 'e45ddc2eb7a49089837918bc06fa0c26') in 0.015043 seconds
  Import took 0.017486 seconds .

========================================================================
Received Import Request.
  Time since last request: 0.000164 seconds.
  path: Assets/Materials/Rocket Material.mat
  artifactKey: Guid(d59d34caf8df7a543bdb3477e5752ade) Importer(815301076,1909f56bfc062723c751e8b465ee728b)
Start importing Assets/Materials/Rocket Material.mat using Guid(d59d34caf8df7a543bdb3477e5752ade) Importer(815301076,1909f56bfc062723c751e8b465ee728b)  -> (artifact id: '3691a09fd124536f125314ddd1761482') in 0.018991 seconds
  Import took 0.021176 seconds .

========================================================================
Received Prepare
Registering precompiled user dll's ...
Registered in 0.001933 seconds.
Begin MonoManager ReloadAssembly
Native extension for Lumin target not found
Native extension for WindowsStandalone target not found
Native extension for WebGL target not found
Refreshing native plugins compatible for Editor in 0.58 ms, found 2 plugins.
Preloading 0 native plugins for Editor in 0.00 ms.
Mono: successfully reloaded assembly
- Completed reload, in  0.786 seconds
Platform modules already initialized, skipping
Refreshing native plugins compatible for Editor in 0.29 ms, found 2 plugins.
Preloading 0 native plugins for Editor in 0.00 ms.
Unloading 1385 Unused Serialized files (Serialized files now loaded: 0)
System memory in use before: 68.3 MB.
System memory in use after: 68.4 MB.

Unloading 14 unused Assets to reduce memory usage. Loaded Objects now: 1900.
Total: 1.711100 ms (FindLiveObjects: 0.159800 ms CreateObjectMapping: 0.050600 ms MarkObjects: 1.451600 ms  DeleteObjects: 0.047700 ms)

========================================================================
Received Prepare
Registering precompiled user dll's ...
Registered in 0.001820 seconds.
Begin MonoManager ReloadAssembly
Native extension for Lumin target not found
Native extension for WindowsStandalone target not found
Native extension for WebGL target not found
Refreshing native plugins compatible for Editor in 0.28 ms, found 2 plugins.
Preloading 0 native plugins for Editor in 0.00 ms.
Mono: successfully reloaded assembly
- Completed reload, in  0.782 seconds
Platform modules already initialized, skipping
Refreshing native plugins compatible for Editor in 0.30 ms, found 2 plugins.
Preloading 0 native plugins for Editor in 0.00 ms.
Unloading 1385 Unused Serialized files (Serialized files now loaded: 0)
System memory in use before: 68.3 MB.
System memory in use after: 68.4 MB.

Unloading 14 unused Assets to reduce memory usage. Loaded Objects now: 1903.
Total: 1.528100 ms (FindLiveObjects: 0.152100 ms CreateObjectMapping: 0.042100 ms MarkObjects: 1.291100 ms  DeleteObjects: 0.042200 ms)

AssetImportWorkerClient::OnTransportError - code=2 error=End of file
